<?xml version="1.0" encoding="UTF-8"?>
<coverage generated="1727668079420" clover="3.2.0">
  <project timestamp="1727668079420" name="All files">
    <metrics statements="29" coveredstatements="28" conditionals="18" coveredconditionals="15" methods="2" coveredmethods="2" elements="49" coveredelements="45" complexity="0" loc="29" ncloc="29" packages="1" files="2" classes="2"/>
    <file name="printBinary.ts" path="/home/runner/work/tree-dump/tree-dump/src/printBinary.ts">
      <metrics statements="11" coveredstatements="11" conditionals="5" coveredconditionals="4" methods="1" coveredmethods="1"/>
      <line num="2" count="1" type="stmt"/>
      <line num="3" count="1" type="stmt"/>
      <line num="4" count="1" type="cond" truecount="0" falsecount="1"/>
      <line num="5" count="6" type="stmt"/>
      <line num="6" count="6" type="stmt"/>
      <line num="7" count="6" type="cond" truecount="2" falsecount="0"/>
      <line num="8" count="5" type="stmt"/>
      <line num="9" count="6" type="cond" truecount="2" falsecount="0"/>
      <line num="10" count="5" type="stmt"/>
      <line num="11" count="6" type="stmt"/>
      <line num="13" count="1" type="stmt"/>
    </file>
    <file name="printTree.ts" path="/home/runner/work/tree-dump/tree-dump/src/printTree.ts">
      <metrics statements="18" coveredstatements="17" conditionals="13" coveredconditionals="11" methods="1" coveredmethods="1"/>
      <line num="2" count="1" type="stmt"/>
      <line num="3" count="1" type="stmt"/>
      <line num="4" count="1" type="cond" truecount="0" falsecount="1"/>
      <line num="5" count="16" type="stmt"/>
      <line num="6" count="16" type="stmt"/>
      <line num="7" count="16" type="stmt"/>
      <line num="8" count="19" type="cond" truecount="2" falsecount="0"/>
      <line num="9" count="16" type="stmt"/>
      <line num="10" count="16" type="stmt"/>
      <line num="11" count="26" type="stmt"/>
      <line num="12" count="26" type="cond" truecount="1" falsecount="1"/>
      <line num="13" count="0" type="stmt"/>
      <line num="14" count="26" type="stmt"/>
      <line num="15" count="26" type="cond" truecount="2" falsecount="0"/>
      <line num="16" count="26" type="cond" truecount="4" falsecount="0"/>
      <line num="17" count="26" type="cond" truecount="2" falsecount="0"/>
      <line num="19" count="16" type="stmt"/>
      <line num="21" count="1" type="stmt"/>
    </file>
  </project>
</coverage>
