<?xml version="1.0" encoding="UTF-8"?>
<coverage generated="1714545571378" clover="3.2.0">
  <project timestamp="1714545571378" name="All files">
    <metrics statements="27" coveredstatements="26" conditionals="16" coveredconditionals="13" methods="2" coveredmethods="2" elements="45" coveredelements="41" complexity="0" loc="27" ncloc="27" packages="1" files="2" classes="2"/>
    <file name="printBinary.ts" path="/home/runner/work/tree-dump/tree-dump/src/printBinary.ts">
      <metrics statements="11" coveredstatements="11" conditionals="5" coveredconditionals="4" methods="1" coveredmethods="1"/>
      <line num="2" count="1" type="stmt"/>
      <line num="3" count="1" type="stmt"/>
      <line num="4" count="1" type="cond" truecount="0" falsecount="1"/>
      <line num="5" count="6" type="stmt"/>
      <line num="6" count="6" type="stmt"/>
      <line num="7" count="6" type="cond" truecount="2" falsecount="0"/>
      <line num="8" count="5" type="stmt"/>
      <line num="9" count="6" type="cond" truecount="2" falsecount="0"/>
      <line num="10" count="5" type="stmt"/>
      <line num="11" count="6" type="stmt"/>
      <line num="13" count="1" type="stmt"/>
    </file>
    <file name="printTree.ts" path="/home/runner/work/tree-dump/tree-dump/src/printTree.ts">
      <metrics statements="16" coveredstatements="15" conditionals="11" coveredconditionals="9" methods="1" coveredmethods="1"/>
      <line num="2" count="1" type="stmt"/>
      <line num="3" count="1" type="stmt"/>
      <line num="4" count="1" type="cond" truecount="0" falsecount="1"/>
      <line num="5" count="14" type="stmt"/>
      <line num="6" count="14" type="stmt"/>
      <line num="7" count="14" type="stmt"/>
      <line num="8" count="14" type="stmt"/>
      <line num="9" count="24" type="stmt"/>
      <line num="10" count="24" type="cond" truecount="1" falsecount="1"/>
      <line num="11" count="0" type="stmt"/>
      <line num="12" count="24" type="stmt"/>
      <line num="13" count="24" type="cond" truecount="2" falsecount="0"/>
      <line num="14" count="24" type="cond" truecount="4" falsecount="0"/>
      <line num="15" count="24" type="cond" truecount="2" falsecount="0"/>
      <line num="17" count="14" type="stmt"/>
      <line num="19" count="1" type="stmt"/>
    </file>
  </project>
</coverage>
