{"/home/runner/work/tree-dump/tree-dump/src/printBinary.ts": {"path":"/home/runner/work/tree-dump/tree-dump/src/printBinary.ts","statementMap":{"0":{"start":{"line":2,"column":0},"end":{"line":2,"column":62}},"1":{"start":{"line":3,"column":0},"end":{"line":3,"column":29}},"2":{"start":{"line":4,"column":20},"end":{"line":12,"column":1}},"3":{"start":{"line":5,"column":17},"end":{"line":5,"column":28}},"4":{"start":{"line":5,"column":38},"end":{"line":5,"column":49}},"5":{"start":{"line":6,"column":14},"end":{"line":6,"column":16}},"6":{"start":{"line":7,"column":4},"end":{"line":8,"column":52}},"7":{"start":{"line":8,"column":8},"end":{"line":8,"column":52}},"8":{"start":{"line":9,"column":4},"end":{"line":10,"column":53}},"9":{"start":{"line":10,"column":8},"end":{"line":10,"column":53}},"10":{"start":{"line":11,"column":4},"end":{"line":11,"column":15}},"11":{"start":{"line":13,"column":0},"end":{"line":13,"column":34}}},"fnMap":{"0":{"name":"(anonymous_0)","decl":{"start":{"line":4,"column":20},"end":{"line":4,"column":21}},"loc":{"start":{"line":4,"column":44},"end":{"line":12,"column":1}},"line":4}},"branchMap":{"0":{"loc":{"start":{"line":4,"column":21},"end":{"line":4,"column":29}},"type":"default-arg","locations":[{"start":{"line":4,"column":27},"end":{"line":4,"column":29}}],"line":4},"1":{"loc":{"start":{"line":7,"column":4},"end":{"line":8,"column":52}},"type":"if","locations":[{"start":{"line":7,"column":4},"end":{"line":8,"column":52}},{"start":{},"end":{}}],"line":7},"2":{"loc":{"start":{"line":9,"column":4},"end":{"line":10,"column":53}},"type":"if","locations":[{"start":{"line":9,"column":4},"end":{"line":10,"column":53}},{"start":{},"end":{}}],"line":9}},"s":{"0":1,"1":1,"2":1,"3":6,"4":6,"5":6,"6":6,"7":5,"8":6,"9":5,"10":6,"11":1},"f":{"0":6},"b":{"0":[0],"1":[5,1],"2":[5,1]},"_coverageSchema":"1a1c01bbd47fc00a2c39e90264f33305004495a9","hash":"0f5fc7b17b9c7f0931bb911e0748699f09708a79"}
,"/home/runner/work/tree-dump/tree-dump/src/printTree.ts": {"path":"/home/runner/work/tree-dump/tree-dump/src/printTree.ts","statementMap":{"0":{"start":{"line":2,"column":0},"end":{"line":2,"column":62}},"1":{"start":{"line":3,"column":0},"end":{"line":3,"column":27}},"2":{"start":{"line":4,"column":18},"end":{"line":18,"column":1}},"3":{"start":{"line":5,"column":14},"end":{"line":5,"column":16}},"4":{"start":{"line":6,"column":19},"end":{"line":6,"column":34}},"5":{"start":{"line":7,"column":17},"end":{"line":7,"column":27}},"6":{"start":{"line":8,"column":4},"end":{"line":16,"column":5}},"7":{"start":{"line":8,"column":17},"end":{"line":8,"column":18}},"8":{"start":{"line":9,"column":19},"end":{"line":9,"column":30}},"9":{"start":{"line":10,"column":8},"end":{"line":11,"column":21}},"10":{"start":{"line":11,"column":12},"end":{"line":11,"column":21}},"11":{"start":{"line":12,"column":23},"end":{"line":12,"column":33}},"12":{"start":{"line":13,"column":22},"end":{"line":13,"column":59}},"13":{"start":{"line":14,"column":23},"end":{"line":14,"column":59}},"14":{"start":{"line":15,"column":8},"end":{"line":15,"column":64}},"15":{"start":{"line":17,"column":4},"end":{"line":17,"column":15}},"16":{"start":{"line":19,"column":0},"end":{"line":19,"column":30}}},"fnMap":{"0":{"name":"(anonymous_0)","decl":{"start":{"line":4,"column":18},"end":{"line":4,"column":19}},"loc":{"start":{"line":4,"column":42},"end":{"line":18,"column":1}},"line":4}},"branchMap":{"0":{"loc":{"start":{"line":4,"column":19},"end":{"line":4,"column":27}},"type":"default-arg","locations":[{"start":{"line":4,"column":25},"end":{"line":4,"column":27}}],"line":4},"1":{"loc":{"start":{"line":10,"column":8},"end":{"line":11,"column":21}},"type":"if","locations":[{"start":{"line":10,"column":8},"end":{"line":11,"column":21}},{"start":{},"end":{}}],"line":10},"2":{"loc":{"start":{"line":13,"column":32},"end":{"line":13,"column":50}},"type":"cond-expr","locations":[{"start":{"line":13,"column":41},"end":{"line":13,"column":44}},{"start":{"line":13,"column":47},"end":{"line":13,"column":50}}],"line":13},"3":{"loc":{"start":{"line":14,"column":23},"end":{"line":14,"column":59}},"type":"cond-expr","locations":[{"start":{"line":14,"column":32},"end":{"line":14,"column":52}},{"start":{"line":14,"column":56},"end":{"line":14,"column":59}}],"line":14},"4":{"loc":{"start":{"line":14,"column":32},"end":{"line":14,"column":52}},"type":"cond-expr","locations":[{"start":{"line":14,"column":41},"end":{"line":14,"column":45}},{"start":{"line":14,"column":48},"end":{"line":14,"column":52}}],"line":14},"5":{"loc":{"start":{"line":15,"column":38},"end":{"line":15,"column":62}},"type":"cond-expr","locations":[{"start":{"line":15,"column":46},"end":{"line":15,"column":57}},{"start":{"line":15,"column":60},"end":{"line":15,"column":62}}],"line":15}},"s":{"0":1,"1":1,"2":1,"3":14,"4":14,"5":14,"6":14,"7":14,"8":24,"9":24,"10":0,"11":24,"12":24,"13":24,"14":24,"15":14,"16":1},"f":{"0":14},"b":{"0":[0],"1":[0,24],"2":[14,10],"3":[23,1],"4":[14,9],"5":[23,1]},"_coverageSchema":"1a1c01bbd47fc00a2c39e90264f33305004495a9","hash":"8aa0168d5d8b6eb93c449867b7fc3d1e3581dad7"}
}
