{"/home/runner/work/tree-dump/tree-dump/src/printBinary.ts": {"path":"/home/runner/work/tree-dump/tree-dump/src/printBinary.ts","statementMap":{"0":{"start":{"line":2,"column":0},"end":{"line":2,"column":62}},"1":{"start":{"line":3,"column":0},"end":{"line":3,"column":29}},"2":{"start":{"line":4,"column":20},"end":{"line":12,"column":1}},"3":{"start":{"line":5,"column":17},"end":{"line":5,"column":28}},"4":{"start":{"line":5,"column":38},"end":{"line":5,"column":49}},"5":{"start":{"line":6,"column":14},"end":{"line":6,"column":16}},"6":{"start":{"line":7,"column":4},"end":{"line":8,"column":52}},"7":{"start":{"line":8,"column":8},"end":{"line":8,"column":52}},"8":{"start":{"line":9,"column":4},"end":{"line":10,"column":53}},"9":{"start":{"line":10,"column":8},"end":{"line":10,"column":53}},"10":{"start":{"line":11,"column":4},"end":{"line":11,"column":15}},"11":{"start":{"line":13,"column":0},"end":{"line":13,"column":34}}},"fnMap":{"0":{"name":"(anonymous_0)","decl":{"start":{"line":4,"column":20},"end":{"line":4,"column":21}},"loc":{"start":{"line":4,"column":44},"end":{"line":12,"column":1}},"line":4}},"branchMap":{"0":{"loc":{"start":{"line":4,"column":21},"end":{"line":4,"column":29}},"type":"default-arg","locations":[{"start":{"line":4,"column":27},"end":{"line":4,"column":29}}],"line":4},"1":{"loc":{"start":{"line":7,"column":4},"end":{"line":8,"column":52}},"type":"if","locations":[{"start":{"line":7,"column":4},"end":{"line":8,"column":52}},{"start":{},"end":{}}],"line":7},"2":{"loc":{"start":{"line":9,"column":4},"end":{"line":10,"column":53}},"type":"if","locations":[{"start":{"line":9,"column":4},"end":{"line":10,"column":53}},{"start":{},"end":{}}],"line":9}},"s":{"0":1,"1":1,"2":1,"3":6,"4":6,"5":6,"6":6,"7":5,"8":6,"9":5,"10":6,"11":1},"f":{"0":6},"b":{"0":[0],"1":[5,1],"2":[5,1]},"_coverageSchema":"1a1c01bbd47fc00a2c39e90264f33305004495a9","hash":"0f5fc7b17b9c7f0931bb911e0748699f09708a79"}
,"/home/runner/work/tree-dump/tree-dump/src/printJson.ts": {"path":"/home/runner/work/tree-dump/tree-dump/src/printJson.ts","statementMap":{"0":{"start":{"line":2,"column":0},"end":{"line":2,"column":62}},"1":{"start":{"line":3,"column":0},"end":{"line":3,"column":27}},"2":{"start":{"line":4,"column":18},"end":{"line":4,"column":122}},"3":{"start":{"line":4,"column":49},"end":{"line":4,"column":122}},"4":{"start":{"line":5,"column":0},"end":{"line":5,"column":30}}},"fnMap":{"0":{"name":"(anonymous_0)","decl":{"start":{"line":4,"column":18},"end":{"line":4,"column":19}},"loc":{"start":{"line":4,"column":49},"end":{"line":4,"column":122}},"line":4}},"branchMap":{"0":{"loc":{"start":{"line":4,"column":19},"end":{"line":4,"column":27}},"type":"default-arg","locations":[{"start":{"line":4,"column":25},"end":{"line":4,"column":27}}],"line":4},"1":{"loc":{"start":{"line":4,"column":35},"end":{"line":4,"column":44}},"type":"default-arg","locations":[{"start":{"line":4,"column":43},"end":{"line":4,"column":44}}],"line":4},"2":{"loc":{"start":{"line":4,"column":50},"end":{"line":4,"column":92}},"type":"binary-expr","locations":[{"start":{"line":4,"column":50},"end":{"line":4,"column":83}},{"start":{"line":4,"column":87},"end":{"line":4,"column":92}}],"line":4}},"s":{"0":1,"1":1,"2":1,"3":2,"4":1},"f":{"0":2},"b":{"0":[0],"1":[2],"2":[2,0]},"_coverageSchema":"1a1c01bbd47fc00a2c39e90264f33305004495a9","hash":"0f5a403f828d9ed77904eccb1934c40f08867b2b"}
,"/home/runner/work/tree-dump/tree-dump/src/printTree.ts": {"path":"/home/runner/work/tree-dump/tree-dump/src/printTree.ts","statementMap":{"0":{"start":{"line":2,"column":0},"end":{"line":2,"column":62}},"1":{"start":{"line":3,"column":0},"end":{"line":3,"column":27}},"2":{"start":{"line":4,"column":18},"end":{"line":20,"column":1}},"3":{"start":{"line":5,"column":14},"end":{"line":5,"column":16}},"4":{"start":{"line":6,"column":15},"end":{"line":6,"column":34}},"5":{"start":{"line":7,"column":4},"end":{"line":9,"column":18}},"6":{"start":{"line":8,"column":8},"end":{"line":9,"column":18}},"7":{"start":{"line":9,"column":12},"end":{"line":9,"column":18}},"8":{"start":{"line":10,"column":4},"end":{"line":18,"column":5}},"9":{"start":{"line":10,"column":17},"end":{"line":10,"column":18}},"10":{"start":{"line":11,"column":19},"end":{"line":11,"column":30}},"11":{"start":{"line":12,"column":8},"end":{"line":13,"column":21}},"12":{"start":{"line":13,"column":12},"end":{"line":13,"column":21}},"13":{"start":{"line":14,"column":23},"end":{"line":14,"column":33}},"14":{"start":{"line":15,"column":22},"end":{"line":15,"column":59}},"15":{"start":{"line":16,"column":23},"end":{"line":16,"column":59}},"16":{"start":{"line":17,"column":8},"end":{"line":17,"column":64}},"17":{"start":{"line":19,"column":4},"end":{"line":19,"column":15}},"18":{"start":{"line":21,"column":0},"end":{"line":21,"column":30}}},"fnMap":{"0":{"name":"(anonymous_0)","decl":{"start":{"line":4,"column":18},"end":{"line":4,"column":19}},"loc":{"start":{"line":4,"column":42},"end":{"line":20,"column":1}},"line":4}},"branchMap":{"0":{"loc":{"start":{"line":4,"column":19},"end":{"line":4,"column":27}},"type":"default-arg","locations":[{"start":{"line":4,"column":25},"end":{"line":4,"column":27}}],"line":4},"1":{"loc":{"start":{"line":8,"column":8},"end":{"line":9,"column":18}},"type":"if","locations":[{"start":{"line":8,"column":8},"end":{"line":9,"column":18}},{"start":{},"end":{}}],"line":8},"2":{"loc":{"start":{"line":12,"column":8},"end":{"line":13,"column":21}},"type":"if","locations":[{"start":{"line":12,"column":8},"end":{"line":13,"column":21}},{"start":{},"end":{}}],"line":12},"3":{"loc":{"start":{"line":15,"column":32},"end":{"line":15,"column":50}},"type":"cond-expr","locations":[{"start":{"line":15,"column":41},"end":{"line":15,"column":44}},{"start":{"line":15,"column":47},"end":{"line":15,"column":50}}],"line":15},"4":{"loc":{"start":{"line":16,"column":23},"end":{"line":16,"column":59}},"type":"cond-expr","locations":[{"start":{"line":16,"column":32},"end":{"line":16,"column":52}},{"start":{"line":16,"column":56},"end":{"line":16,"column":59}}],"line":16},"5":{"loc":{"start":{"line":16,"column":32},"end":{"line":16,"column":52}},"type":"cond-expr","locations":[{"start":{"line":16,"column":41},"end":{"line":16,"column":45}},{"start":{"line":16,"column":48},"end":{"line":16,"column":52}}],"line":16},"6":{"loc":{"start":{"line":17,"column":38},"end":{"line":17,"column":62}},"type":"cond-expr","locations":[{"start":{"line":17,"column":46},"end":{"line":17,"column":57}},{"start":{"line":17,"column":60},"end":{"line":17,"column":62}}],"line":17}},"s":{"0":2,"1":2,"2":2,"3":18,"4":18,"5":18,"6":21,"7":18,"8":18,"9":18,"10":28,"11":28,"12":0,"13":28,"14":28,"15":28,"16":28,"17":18,"18":2},"f":{"0":18},"b":{"0":[0],"1":[18,3],"2":[0,28],"3":[18,10],"4":[27,1],"5":[18,9],"6":[27,1]},"_coverageSchema":"1a1c01bbd47fc00a2c39e90264f33305004495a9","hash":"9475a0e46af5514607c18476d9ee3f9ce916e9c5"}
}
