TN:
SF:src/printBinary.ts
FN:4,(anonymous_0)
FNF:1
FNH:1
FNDA:6,(anonymous_0)
DA:2,1
DA:3,1
DA:4,1
DA:5,6
DA:6,6
DA:7,6
DA:8,5
DA:9,6
DA:10,5
DA:11,6
DA:13,1
LF:11
LH:11
BRDA:4,0,0,0
BRDA:7,1,0,5
BRDA:7,1,1,1
BRDA:9,2,0,5
BRDA:9,2,1,1
BRF:5
BRH:4
end_of_record
TN:
SF:src/printJson.ts
FN:4,(anonymous_0)
FNF:1
FNH:1
FNDA:2,(anonymous_0)
DA:2,1
DA:3,1
DA:4,2
DA:5,1
LF:4
LH:4
BRDA:4,0,0,0
BRDA:4,1,0,2
BRDA:4,2,0,2
BRDA:4,2,1,0
BRF:4
BRH:2
end_of_record
TN:
SF:src/printTree.ts
FN:4,(anonymous_0)
FNF:1
FNH:1
FNDA:18,(anonymous_0)
DA:2,2
DA:3,2
DA:4,2
DA:5,18
DA:6,18
DA:7,18
DA:8,21
DA:9,18
DA:10,18
DA:11,28
DA:12,28
DA:13,0
DA:14,28
DA:15,28
DA:16,28
DA:17,28
DA:19,18
DA:21,2
LF:18
LH:17
BRDA:4,0,0,0
BRDA:8,1,0,18
BRDA:8,1,1,3
BRDA:12,2,0,0
BRDA:12,2,1,28
BRDA:15,3,0,18
BRDA:15,3,1,10
BRDA:16,4,0,27
BRDA:16,4,1,1
BRDA:16,5,0,18
BRDA:16,5,1,9
BRDA:17,6,0,27
BRDA:17,6,1,1
BRF:13
BRH:11
end_of_record
