TN:
SF:src/printBinary.ts
FN:4,(anonymous_0)
FNF:1
FNH:1
FNDA:6,(anonymous_0)
DA:2,1
DA:3,1
DA:4,1
DA:5,6
DA:6,6
DA:7,6
DA:8,5
DA:9,6
DA:10,5
DA:11,6
DA:13,1
LF:11
LH:11
BRDA:4,0,0,0
BRDA:7,1,0,5
BRDA:7,1,1,1
BRDA:9,2,0,5
BRDA:9,2,1,1
BRF:5
BRH:4
end_of_record
TN:
SF:src/printTree.ts
FN:4,(anonymous_0)
FNF:1
FNH:1
FNDA:14,(anonymous_0)
DA:2,1
DA:3,1
DA:4,1
DA:5,14
DA:6,14
DA:7,14
DA:8,14
DA:9,24
DA:10,24
DA:11,0
DA:12,24
DA:13,24
DA:14,24
DA:15,24
DA:17,14
DA:19,1
LF:16
LH:15
BRDA:4,0,0,0
BRDA:10,1,0,0
BRDA:10,1,1,24
BRDA:13,2,0,14
BRDA:13,2,1,10
BRDA:14,3,0,23
BRDA:14,3,1,1
BRDA:14,4,0,14
BRDA:14,4,1,9
BRDA:15,5,0,23
BRDA:15,5,1,1
BRF:11
BRH:9
end_of_record
